0 info it worked if it ends with ok
1 verbose cli [ '/usr/bin/node', '/usr/bin/npm', 'run', 'startserver' ]
2 info using npm@3.10.10
3 info using node@v6.12.0
4 verbose run-script [ 'prestartserver', 'startserver', 'poststartserver' ]
5 info lifecycle mud@~prestartserver: mud@
6 silly lifecycle mud@~prestartserver: no script for prestartserver, continuing
7 info lifecycle mud@~startserver: mud@
8 verbose lifecycle mud@~startserver: unsafe-perm in lifecycle true
9 verbose lifecycle mud@~startserver: PATH: /usr/lib/node_modules/npm/bin/node-gyp-bin:/mnt/d/Git/mud/node_modules/.bin:/usr/local/sbin:/usr/local/bin:/usr/sbin:/usr/bin:/sbin:/bin:/usr/games:/usr/local/games:/mnt/c/Program Files (x86)/NVIDIA Corporation/PhysX/Common:/mnt/c/Windows/System32:/mnt/c/Windows:/mnt/c/Windows/System32/wbem:/mnt/c/Windows/System32/WindowsPowerShell/v1.0:/mnt/c/Program Files (x86)/GtkSharp/2.12/bin:/mnt/c/Program Files/Microsoft SQL Server/130/Tools/Binn:/mnt/c/Program Files/dotnet:/mnt/c/Program Files (x86)/Skype/Phone:/mnt/d/Program Files/nodejs:/mnt/c/Users/Lucas/AppData/Local/Microsoft/WindowsApps:/mnt/c/Users/Lucas/AppData/Roaming/npm
10 verbose lifecycle mud@~startserver: CWD: /mnt/d/Git/mud
11 silly lifecycle mud@~startserver: Args: [ '-c', 'cd server && npm start' ]
12 silly lifecycle mud@~startserver: Returned: code: 1  signal: null
13 info lifecycle mud@~startserver: Failed to exec startserver script
14 verbose stack Error: mud@ startserver: `cd server && npm start`
14 verbose stack Exit status 1
14 verbose stack     at EventEmitter.<anonymous> (/usr/lib/node_modules/npm/lib/utils/lifecycle.js:255:16)
14 verbose stack     at emitTwo (events.js:106:13)
14 verbose stack     at EventEmitter.emit (events.js:191:7)
14 verbose stack     at ChildProcess.<anonymous> (/usr/lib/node_modules/npm/lib/utils/spawn.js:40:14)
14 verbose stack     at emitTwo (events.js:106:13)
14 verbose stack     at ChildProcess.emit (events.js:191:7)
14 verbose stack     at maybeClose (internal/child_process.js:920:16)
14 verbose stack     at Process.ChildProcess._handle.onexit (internal/child_process.js:230:5)
15 verbose pkgid mud@
16 verbose cwd /mnt/d/Git/mud
17 error Linux 4.4.0-43-Microsoft
18 error argv "/usr/bin/node" "/usr/bin/npm" "run" "startserver"
19 error node v6.12.0
20 error npm  v3.10.10
21 error code ELIFECYCLE
22 error mud@ startserver: `cd server && npm start`
22 error Exit status 1
23 error Failed at the mud@ startserver script 'cd server && npm start'.
23 error Make sure you have the latest version of node.js and npm installed.
23 error If you do, this is most likely a problem with the mud package,
23 error not with npm itself.
23 error Tell the author that this fails on your system:
23 error     cd server && npm start
23 error You can get information on how to open an issue for this project with:
23 error     npm bugs mud
23 error Or if that isn't available, you can get their info via:
23 error     npm owner ls mud
23 error There is likely additional logging output above.
24 verbose exit [ 1, true ]
